<?xml version="1.0" encoding="UTF-8"?>
<testng-results ignored="0" total="1" passed="0" failed="1" skipped="0">
  <reporter-output>
  </reporter-output>
  <suite started-at="2023-11-30T10:23:20 BDT" name="All Test Suite" finished-at="2023-11-30T10:23:46 BDT" duration-ms="26237">
    <groups>
      <group name="cucumber">
        <method signature="AbstractTestNGCucumberTests.runScenario(io.cucumber.testng.PickleWrapper,io.cucumber.testng.FeatureWrapper)[pri:0, instance:runner.Runner@5939a379]" name="runScenario" class="io.cucumber.testng.AbstractTestNGCucumberTests"/>
      </group> <!-- cucumber -->
    </groups>
    <test started-at="2023-11-30T10:23:20 BDT" name="D:\Intellij\workspace_Playwright\CucumberBDDWithPageObjectsNew23" finished-at="2023-11-30T10:23:46 BDT" duration-ms="26237">
      <class name="runner.Runner">
        <test-method is-config="true" signature="setUpClass(org.testng.ITestContext)[pri:0, instance:runner.Runner@5939a379]" started-at="2023-11-30T10:23:20 BDT" name="setUpClass" finished-at="2023-11-30T10:23:21 BDT" duration-ms="1204" status="PASS">
          <params>
            <param index="0">
              <value>
                <![CDATA[org.testng.TestRunner@261ea657]]>
              </value>
            </param>
          </params>
          <reporter-output>
          </reporter-output>
        </test-method> <!-- setUpClass -->
        <test-method signature="runScenario(io.cucumber.testng.PickleWrapper,io.cucumber.testng.FeatureWrapper)[pri:0, instance:runner.Runner@5939a379]" started-at="2023-11-30T10:23:21 BDT" name="runScenario" description="Runs Cucumber Scenarios" data-provider="scenarios" finished-at="2023-11-30T10:23:46 BDT" duration-ms="24708" status="FAIL">
          <params>
            <param index="0">
              <value>
                <![CDATA["Verify Customer Login functionality happy path"]]>
              </value>
            </param>
            <param index="1">
              <value>
                <![CDATA["Verify Customer Login functionality"]]>
              </value>
            </param>
          </params>
          <exception class="java.lang.AssertionError">
            <message>
              <![CDATA[expected [Customer Id: 4] but found [Customer Id: 444]]]>
            </message>
            <full-stacktrace>
              <![CDATA[java.lang.AssertionError: expected [Customer Id: 4] but found [Customer Id: 444]
at org.testng.Assert.fail(Assert.java:110)
at org.testng.Assert.failNotEquals(Assert.java:1413)
at org.testng.Assert.assertEqualsImpl(Assert.java:149)
at org.testng.Assert.assertEquals(Assert.java:131)
at org.testng.Assert.assertEquals(Assert.java:655)
at org.testng.Assert.assertEquals(Assert.java:665)
at steps.LoginFeatureValidations.verify_that_i_am_in_customer_home_page(LoginFeatureValidations.java:75)
at âœ½.Verify that I am in CUSTOMER Home Page(file:///D:/Project/PlayWright-project/CucumberBDDPlaywright23%20-%20Copy/src/test/resources/features/LoginFeatureValidations.feature:11)
]]>
            </full-stacktrace>
          </exception> <!-- java.lang.AssertionError -->
          <reporter-output>
          </reporter-output>
        </test-method> <!-- runScenario -->
        <test-method is-config="true" signature="tearDownClass()[pri:0, instance:runner.Runner@5939a379]" started-at="2023-11-30T10:23:46 BDT" name="tearDownClass" finished-at="2023-11-30T10:23:46 BDT" duration-ms="191" status="PASS">
          <reporter-output>
          </reporter-output>
        </test-method> <!-- tearDownClass -->
      </class> <!-- runner.Runner -->
    </test> <!-- D:\Intellij\workspace_Playwright\CucumberBDDWithPageObjectsNew23 -->
  </suite> <!-- All Test Suite -->
</testng-results>
